2022-11-10 15:35:40,691 Harmless debug Message
2022-11-10 15:35:40,691 Just an information
2022-11-10 15:35:40,691 Its a Warning
2022-11-10 15:35:40,691 Did you try to divide by zero
2022-11-10 15:35:40,691 Internet is down
2022-11-10 15:35:41,635 b'1668116141.000 11/10/2022 21:35:41\n'
2022-11-10 15:35:42,611 b'1668116142.000 11/10/2022 21:35:42\n'
2022-11-10 15:35:42,815 b'1668116142.150 IoT: Publish MQTT event-diagnostics (timed) buffer.\n'
2022-11-10 15:35:42,815 b'1668116142.160 Sending MQTT topic events/diagnostics\n'
2022-11-10 15:35:43,012 b'1668116142.410 IoT: Publish Send OK.\n'
2022-11-10 15:35:43,013 b'1668116142.410 IoT: Publish MQTT event-diagnostics (timed) OK.\n'
2022-11-10 15:35:43,588 b'1668116143.000 11/10/2022 21:35:43\n'
2022-11-10 15:35:44,187 b'1668116143  Screen Press = 1, initiating touch at X_pos=462  Y_pos=30\n'
2022-11-10 15:35:44,290 b'1668116143.630 IoT: Publish MQTT event-diagnostics (timed) buffer.\n'
2022-11-10 15:35:44,291 b'1668116143.630 Sending MQTT topic events/diagnostics\n'
2022-11-10 15:35:44,369 b'1668116143  Screen Press = 0, releasing touch\n'
2022-11-10 15:35:44,476 b'1668116143.890 IoT: Publish Send OK.\n'
2022-11-10 15:35:44,477 b'1668116143.890 IoT: Publish MQTT event-diagnostics (timed) OK.\n'
2022-11-10 15:35:44,556 b'1668116144.000 11/10/2022 21:35:44\n'
2022-11-10 15:35:44,674 b'1668116144  Screen Press = 1, initiating touch at X_pos=182  Y_pos=42\n'
2022-11-10 15:35:44,962 b'1668116144  Screen Press = 0, releasing touch\n'
2022-11-10 15:35:45,057 b'1668116144.470 GUI Front-To-Back Backlight % Setpoint = 60\n'
2022-11-10 15:35:45,260 b'1668116144  Screen Press = 1, initiating touch at X_pos=32  Y_pos=30\n'
2022-11-10 15:35:45,436 b'1668116144  Screen Press = 0, releasing touch\n'
2022-11-10 15:35:45,643 b'1668116145.000 11/10/2022 21:35:45\n'
2022-11-10 15:35:45,744 b'1668116145  Screen Press = 1, initiating touch at X_pos=172  Y_pos=97\n'
2022-11-10 15:35:45,936 b'1668116145  Screen Press = 0, releasing touch\n'
2022-11-10 15:35:46,234 b'1668116145  Screen Press = 1, initiating touch at X_pos=32  Y_pos=30\n'
2022-11-10 15:35:46,426 b'1668116145  Screen Press = 0, releasing touch\n'
2022-11-10 15:35:46,617 b'1668116146.000 11/10/2022 21:35:46\n'
2022-11-10 15:35:46,724 b'1668116146  Screen Press = 1, initiating touch at X_pos=152  Y_pos=137\n'
2022-11-10 15:35:47,011 b'1668116146  Screen Press = 0, releasing touch\n'
2022-11-10 15:35:47,311 b'1668116146  Screen Press = 1, initiating touch at X_pos=32  Y_pos=30\n'
2022-11-10 15:35:47,486 b'1668116146  Screen Press = 0, releasing touch\n'
2022-11-10 15:35:47,598 b'1668116147.000 11/10/2022 21:35:47\n'
2022-11-10 15:35:47,795 b'1668116147  Screen Press = 1, initiating touch at X_pos=232  Y_pos=186\n'
2022-11-10 15:35:47,987 b'1668116147  Screen Press = 0, releasing touch\n'
2022-11-10 15:35:48,284 b'1668116147  Screen Press = 1, initiating touch at X_pos=32  Y_pos=30\n'
2022-11-10 15:35:48,476 b'1668116147  Screen Press = 0, releasing touch\n'
2022-11-10 15:35:48,570 b'1668116148.000 11/10/2022 21:35:48\n'
2022-11-10 15:35:48,775 b'1668116148  Screen Press = 1, initiating touch at X_pos=232  Y_pos=223\n'
2022-11-10 15:35:49,063 b'1668116148  Screen Press = 0, releasing touch\n'
2022-11-10 15:35:49,361 b'1668116148  Screen Press = 1, initiating touch at X_pos=32  Y_pos=30\n'
2022-11-10 15:35:49,552 b'1668116148  Screen Press = 0, releasing touch\n'
2022-11-10 15:35:49,649 b'1668116149.000 11/10/2022 21:35:49\n'
2022-11-10 15:35:49,846 b'1668116149  Screen Press = 1, initiating touch at X_pos=442  Y_pos=38\n'
2022-11-10 15:35:50,038 b'1668116149  Screen Press = 0, releasing touch\n'
2022-11-10 15:35:50,140 b'1668116149.520 Lights (27, 175)\n'
2022-11-10 15:35:50,141 b'1668116149.520 Drawers (145, 175)\n'
2022-11-10 15:35:50,142 b'1668116149.520 Calculator (255, 176)\n'
2022-11-10 15:35:50,619 b'1668116150.000 11/10/2022 21:35:50\n'
2022-11-10 15:35:51,595 b'1668116151.000 11/10/2022 21:35:51\n'
2022-11-10 15:35:52,089 b'1668116151.430 IoT: Publish MQTT state change buffer.\n'
2022-11-10 15:35:52,090 b'1668116151.440 Sending MQTT topic state\n'
2022-11-10 15:35:52,192 b'1668116151.600 IoT: Publish Send OK.\n'
2022-11-10 15:35:52,193 b'1668116151.600 IoT: Publish MQTT state change buffer OK.\n'
2022-11-10 15:35:52,576 b'1668116152.000 11/10/2022 21:35:52\n'
2022-11-10 15:35:53,360 b'1668116152  Screen Press = 1, initiating touch at X_pos=462  Y_pos=30\n'
2022-11-10 15:35:53,551 b'1668116152  Screen Press = 0, releasing touch\n'
2022-11-10 15:35:53,647 b'1668116153.000 11/10/2022 21:35:53\n'
2022-11-10 15:35:53,948 b'1668116153  Screen Press = 1, initiating touch at X_pos=182  Y_pos=42\n'
2022-11-10 15:35:54,044 b'1668116153  Screen Press = 0, releasing touch\n'
2022-11-10 15:35:54,140 b'1668116153.540 GUI Front-To-Back Backlight % Setpoint = 60\n'
2022-11-10 15:35:54,438 b'1668116153  Screen Press = 1, initiating touch at X_pos=32  Y_pos=30\n'
2022-11-10 15:35:54,636 b'1668116154.000 11/10/2022 21:35:54\n'
2022-11-10 15:35:54,637 b'1668116154  Screen Press = 0, releasing touch\n'
2022-11-10 15:35:54,924 b'1668116154  Screen Press = 1, initiating touch at X_pos=172  Y_pos=97\n'
2022-11-10 15:35:55,115 b'1668116154  Screen Press = 0, releasing touch\n'
2022-11-10 15:35:55,413 b'1668116154  Screen Press = 1, initiating touch at X_pos=32  Y_pos=30\n'
2022-11-10 15:35:55,604 b'1668116155.000 11/10/2022 21:35:55\n'
2022-11-10 15:35:55,605 b'1668116155  Screen Press = 0, releasing touch\n'
2022-11-10 15:35:56,000 b'1668116155  Screen Press = 1, initiating touch at X_pos=152  Y_pos=137\n'
2022-11-10 15:35:56,190 b'1668116155  Screen Press = 0, releasing touch\n'
2022-11-10 15:35:56,488 b'1668116155  Screen Press = 1, initiating touch at X_pos=32  Y_pos=30\n'
2022-11-10 15:35:56,567 b'1668116156.000 11/10/2022 21:35:56\n'
2022-11-10 15:35:56,679 b'1668116156  Screen Press = 0, releasing touch\n'
2022-11-10 15:35:56,978 b'1668116156  Screen Press = 1, initiating touch at X_pos=232  Y_pos=186\n'
2022-11-10 15:35:57,154 b'1668116156  Screen Press = 0, releasing touch\n'
2022-11-10 15:35:57,462 b'1668116156  Screen Press = 1, initiating touch at X_pos=32  Y_pos=30\n'
2022-11-10 15:35:57,660 b'1668116157.000 11/10/2022 21:35:57\n'
2022-11-10 15:35:57,661 b'1668116157  Screen Press = 0, releasing touch\n'
2022-11-10 15:35:58,050 b'1668116157  Screen Press = 1, initiating touch at X_pos=232  Y_pos=223\n'
2022-11-10 15:35:58,241 b'1668116157  Screen Press = 0, releasing touch\n'
2022-11-10 15:35:58,538 b'1668116157  Screen Press = 1, initiating touch at X_pos=32  Y_pos=30\n'
2022-11-10 15:35:58,617 b'1668116158.000 11/10/2022 21:35:58\n'
2022-11-10 15:35:58,730 b'1668116158  Screen Press = 0, releasing touch\n'
2022-11-10 15:35:59,029 b'1668116158  Screen Press = 1, initiating touch at X_pos=442  Y_pos=38\n'
2022-11-10 15:35:59,204 b'1668116158  Screen Press = 0, releasing touch\n'
2022-11-10 15:35:59,323 b'1668116158.720 Lights (27, 175)\n'
2022-11-10 15:35:59,323 b'1668116158.720 Drawers (145, 175)\n'
2022-11-10 15:35:59,323 b'1668116158.730 Calculator (255, 176)\n'
2022-11-10 15:35:59,595 b'1668116159.000 11/10/2022 21:35:59\n'
2022-11-10 15:36:00,571 b'1668116160.000 11/10/2022 21:36:00\n'
2022-11-10 15:36:01,658 b'1668116161.000 11/10/2022 21:36:01\n'
2022-11-10 15:36:02,546 b'1668116161  Screen Press = 1, initiating touch at X_pos=462  Y_pos=30\n'
2022-11-10 15:36:02,626 b'1668116162.000 11/10/2022 21:36:02\n'
2022-11-10 15:36:02,721 b'1668116162  Screen Press = 0, releasing touch\n'
2022-11-10 15:36:03,026 b'1668116162  Screen Press = 1, initiating touch at X_pos=182  Y_pos=42\n'
2022-11-10 15:36:03,217 b'1668116162  Screen Press = 0, releasing touch\n'
2022-11-10 15:36:03,314 b'1668116162.720 GUI Front-To-Back Backlight % Setpoint = 60\n'
